d:\gamephysicstemplate-3\effects11\bin\desktop_2017\win32\release\effects11.pch
d:\gamephysicstemplate-3\effects11\bin\desktop_2017\win32\release\effects11.pdb
d:\gamephysicstemplate-3\effects11\bin\desktop_2017\win32\release\d3dxglobal.obj
d:\gamephysicstemplate-3\effects11\bin\desktop_2017\win32\release\effectruntime.obj
d:\gamephysicstemplate-3\effects11\bin\desktop_2017\win32\release\effectreflection.obj
d:\gamephysicstemplate-3\effects11\bin\desktop_2017\win32\release\effectnonruntime.obj
d:\gamephysicstemplate-3\effects11\bin\desktop_2017\win32\release\effectload.obj
d:\gamephysicstemplate-3\effects11\bin\desktop_2017\win32\release\effectapi.obj
d:\gp7 - open project\effects11\bin\desktop_2017\win32\release\effects11.pch
d:\gp7 - open project\effects11\bin\desktop_2017\win32\release\effects11.pdb
d:\gp7 - open project\effects11\bin\desktop_2017\win32\release\d3dxglobal.obj
d:\gp7 - open project\effects11\bin\desktop_2017\win32\release\effectruntime.obj
d:\gp7 - open project\effects11\bin\desktop_2017\win32\release\effectreflection.obj
d:\gp7 - open project\effects11\bin\desktop_2017\win32\release\effectnonruntime.obj
d:\gp7 - open project\effects11\bin\desktop_2017\win32\release\effectload.obj
d:\gp7 - open project\effects11\bin\desktop_2017\win32\release\effectapi.obj
d:\gamephysicstemplate-3\effects11\bin\desktop_2017\win32\release\effects11.lib
d:\gp7 - open project\effects11\bin\desktop_2017\win32\release\effects11.lib
d:\gp7 - open project\effects11\bin\desktop_2017\win32\release\effects11.tlog\cl.command.1.tlog
d:\gp7 - open project\effects11\bin\desktop_2017\win32\release\effects11.tlog\cl.read.1.tlog
d:\gp7 - open project\effects11\bin\desktop_2017\win32\release\effects11.tlog\cl.write.1.tlog
d:\gp7 - open project\effects11\bin\desktop_2017\win32\release\effects11.tlog\lib-link.read.1.tlog
d:\gp7 - open project\effects11\bin\desktop_2017\win32\release\effects11.tlog\lib-link.write.1.tlog
d:\gp7 - open project\effects11\bin\desktop_2017\win32\release\effects11.tlog\lib.command.1.tlog
