d:\gamephysicstemplate-3\effects11\bin\desktop_2017\win32\debug\effects11d.pch
d:\gamephysicstemplate-3\effects11\bin\desktop_2017\win32\debug\effects11d.pdb
d:\gamephysicstemplate-3\effects11\bin\desktop_2017\win32\debug\effects11d.idb
d:\gamephysicstemplate-3\effects11\bin\desktop_2017\win32\debug\d3dxglobal.obj
d:\gamephysicstemplate-3\effects11\bin\desktop_2017\win32\debug\effectruntime.obj
d:\gamephysicstemplate-3\effects11\bin\desktop_2017\win32\debug\effectreflection.obj
d:\gamephysicstemplate-3\effects11\bin\desktop_2017\win32\debug\effectnonruntime.obj
d:\gamephysicstemplate-3\effects11\bin\desktop_2017\win32\debug\effectload.obj
d:\gamephysicstemplate-3\effects11\bin\desktop_2017\win32\debug\effectapi.obj
d:\gamephysicstemplate-3\effects11\bin\desktop_2017\win32\debug\effects11d.lib
d:\gp7 - open project\effects11\bin\desktop_2017\win32\debug\d3dxglobal.obj
d:\gp7 - open project\effects11\bin\desktop_2017\win32\debug\effectapi.obj
d:\gp7 - open project\effects11\bin\desktop_2017\win32\debug\effectload.obj
d:\gp7 - open project\effects11\bin\desktop_2017\win32\debug\effectnonruntime.obj
d:\gp7 - open project\effects11\bin\desktop_2017\win32\debug\effectreflection.obj
d:\gp7 - open project\effects11\bin\desktop_2017\win32\debug\effectruntime.obj
d:\gp7 - open project\effects11\bin\desktop_2017\win32\debug\effects11d.pch
d:\gp7 - open project\effects11\bin\desktop_2017\win32\debug\effects11d.idb
d:\gp7 - open project\effects11\bin\desktop_2017\win32\debug\effects11d.pdb
d:\gp7 - open project\effects11\bin\desktop_2017\win32\debug\effects11d.lib
d:\gp7 - open project\effects11\bin\desktop_2017\win32\debug\effects11.tlog\cl.command.1.tlog
d:\gp7 - open project\effects11\bin\desktop_2017\win32\debug\effects11.tlog\cl.read.1.tlog
d:\gp7 - open project\effects11\bin\desktop_2017\win32\debug\effects11.tlog\cl.write.1.tlog
d:\gp7 - open project\effects11\bin\desktop_2017\win32\debug\effects11.tlog\lib-link.read.1.tlog
d:\gp7 - open project\effects11\bin\desktop_2017\win32\debug\effects11.tlog\lib-link.write.1.tlog
d:\gp7 - open project\effects11\bin\desktop_2017\win32\debug\effects11.tlog\lib.command.1.tlog
